Determining if the pthread_create exist failed with the following output:
Change Dir: /home/workspace/project_BuildMyWorld/models/CMakeFiles/CMakeTmp

Run Build Command:"/usr/bin/make" "cmTC_cb111/fast"
/usr/bin/make -f CMakeFiles/cmTC_cb111.dir/build.make CMakeFiles/cmTC_cb111.dir/build
make[1]: Entering directory '/home/workspace/project_BuildMyWorld/models/CMakeFiles/CMakeTmp'
Building C object CMakeFiles/cmTC_cb111.dir/CheckSymbolExists.c.o
/usr/bin/cc     -o CMakeFiles/cmTC_cb111.dir/CheckSymbolExists.c.o   -c /home/workspace/project_BuildMyWorld/models/CMakeFiles/CMakeTmp/CheckSymbolExists.c
Linking C executable cmTC_cb111
/usr/bin/cmake -E cmake_link_script CMakeFiles/cmTC_cb111.dir/link.txt --verbose=1
/usr/bin/cc       CMakeFiles/cmTC_cb111.dir/CheckSymbolExists.c.o  -o cmTC_cb111 -rdynamic 
CMakeFiles/cmTC_cb111.dir/CheckSymbolExists.c.o: In function `main':
CheckSymbolExists.c:(.text+0x16): undefined reference to `pthread_create'
collect2: error: ld returned 1 exit status
CMakeFiles/cmTC_cb111.dir/build.make:97: recipe for target 'cmTC_cb111' failed
make[1]: *** [cmTC_cb111] Error 1
make[1]: Leaving directory '/home/workspace/project_BuildMyWorld/models/CMakeFiles/CMakeTmp'
Makefile:126: recipe for target 'cmTC_cb111/fast' failed
make: *** [cmTC_cb111/fast] Error 2

File /home/workspace/project_BuildMyWorld/models/CMakeFiles/CMakeTmp/CheckSymbolExists.c:
/* */
#include <pthread.h>

int main(int argc, char** argv)
{
  (void)argv;
#ifndef pthread_create
  return ((int*)(&pthread_create))[argc];
#else
  (void)argc;
  return 0;
#endif
}

Determining if the function pthread_create exists in the pthreads failed with the following output:
Change Dir: /home/workspace/project_BuildMyWorld/models/CMakeFiles/CMakeTmp

Run Build Command:"/usr/bin/make" "cmTC_328ef/fast"
/usr/bin/make -f CMakeFiles/cmTC_328ef.dir/build.make CMakeFiles/cmTC_328ef.dir/build
make[1]: Entering directory '/home/workspace/project_BuildMyWorld/models/CMakeFiles/CMakeTmp'
Building C object CMakeFiles/cmTC_328ef.dir/CheckFunctionExists.c.o
/usr/bin/cc    -DCHECK_FUNCTION_EXISTS=pthread_create   -o CMakeFiles/cmTC_328ef.dir/CheckFunctionExists.c.o   -c /usr/share/cmake-3.5/Modules/CheckFunctionExists.c
Linking C executable cmTC_328ef
/usr/bin/cmake -E cmake_link_script CMakeFiles/cmTC_328ef.dir/link.txt --verbose=1
/usr/bin/cc   -DCHECK_FUNCTION_EXISTS=pthread_create    CMakeFiles/cmTC_328ef.dir/CheckFunctionExists.c.o  -o cmTC_328ef -rdynamic -lpthreads 
/usr/bin/ld: cannot find -lpthreads
collect2: error: ld returned 1 exit status
CMakeFiles/cmTC_328ef.dir/build.make:97: recipe for target 'cmTC_328ef' failed
make[1]: *** [cmTC_328ef] Error 1
make[1]: Leaving directory '/home/workspace/project_BuildMyWorld/models/CMakeFiles/CMakeTmp'
Makefile:126: recipe for target 'cmTC_328ef/fast' failed
make: *** [cmTC_328ef/fast] Error 2


